<?xml version="1.0" encoding="UTF-8"?>
<testng-results ignored="0" total="1" passed="1" failed="0" skipped="0">
  <reporter-output>
  </reporter-output>
  <suite started-at="2024-01-18T11:13:10 IST" name="Default suite" finished-at="2024-01-18T11:13:15 IST" duration-ms="5429">
    <groups>
    </groups>
    <test started-at="2024-01-18T11:13:10 IST" name="Default test" finished-at="2024-01-18T11:13:15 IST" duration-ms="5429">
      <class name="Basic.MyntraTest">
        <test-method signature="LaunchTest()[pri:0, instance:Basic.MyntraTest@7bd4937b]" started-at="2024-01-18T11:13:10 IST" name="LaunchTest" finished-at="2024-01-18T11:13:15 IST" duration-ms="5371" status="PASS">
          <reporter-output>
          </reporter-output>
        </test-method> <!-- LaunchTest -->
      </class> <!-- Basic.MyntraTest -->
    </test> <!-- Default test -->
  </suite> <!-- Default suite -->
</testng-results>
